<?xml version="1.0" encoding="UTF-8"?>
<testsuite xmlns:xsi="http://www.w3.org/2001/XMLSchema-instance" xsi:noNamespaceSchemaLocation="https://maven.apache.org/surefire/maven-surefire-plugin/xsd/surefire-test-report.xsd" name="guru.springframework.msscbeerservice.web.controller.BeerControllerTest" time="0.472" tests="3" errors="0" skipped="3" failures="0">
  <properties>
[...]
</properties>
  <testcase name="updateBeerById" classname="guru.springframework.msscbeerservice.web.controller.BeerControllerTest" time="0">
    <skipped message="void guru.springframework.msscbeerservice.web.controller.BeerControllerTest.updateBeerById() throws java.lang.Exception is @Disabled"/>
    <system-out><![CDATA[2022-08-07 13:43:30.501  INFO 17965 --- [           main] .b.t.a.w.s.WebMvcTestContextBootstrapper : Neither @ContextConfiguration nor @ContextHierarchy found for test class [guru.springframework.msscbeerservice.web.controller.BeerControllerTest], using SpringBootContextLoader
2022-08-07 13:43:30.502  INFO 17965 --- [           main] o.s.t.c.support.AbstractContextLoader    : Could not detect default resource locations for test class [guru.springframework.msscbeerservice.web.controller.BeerControllerTest]: no resource found for suffixes {-context.xml, Context.groovy}.
2022-08-07 13:43:30.502  INFO 17965 --- [           main] t.c.s.AnnotationConfigContextLoaderUtils : Could not detect default configuration classes for test class [guru.springframework.msscbeerservice.web.controller.BeerControllerTest]: BeerControllerTest does not declare any static, non-private, non-final, nested classes annotated with @Configuration.
2022-08-07 13:43:30.526  INFO 17965 --- [           main] .b.t.c.SpringBootTestContextBootstrapper : Found @SpringBootConfiguration guru.springframework.msscbeerservice.MsscBeerServiceApplication for test class guru.springframework.msscbeerservice.web.controller.BeerControllerTest
2022-08-07 13:43:30.527  INFO 17965 --- [           main] .b.t.a.w.s.WebMvcTestContextBootstrapper : Loaded default TestExecutionListener class names from location [META-INF/spring.factories]: [org.springframework.boot.test.mock.mockito.MockitoTestExecutionListener, org.springframework.boot.test.mock.mockito.ResetMocksTestExecutionListener, org.springframework.boot.test.autoconfigure.restdocs.RestDocsTestExecutionListener, org.springframework.boot.test.autoconfigure.web.client.MockRestServiceServerResetTestExecutionListener, org.springframework.boot.test.autoconfigure.web.servlet.MockMvcPrintOnlyOnFailureTestExecutionListener, org.springframework.boot.test.autoconfigure.web.servlet.WebDriverTestExecutionListener, org.springframework.boot.test.autoconfigure.webservices.client.MockWebServiceServerTestExecutionListener, org.springframework.test.context.web.ServletTestExecutionListener, org.springframework.test.context.support.DirtiesContextBeforeModesTestExecutionListener, org.springframework.test.context.event.ApplicationEventsTestExecutionListener, org.springframework.test.context.support.DependencyInjectionTestExecutionListener, org.springframework.test.context.support.DirtiesContextTestExecutionListener, org.springframework.test.context.transaction.TransactionalTestExecutionListener, org.springframework.test.context.jdbc.SqlScriptsTestExecutionListener, org.springframework.test.context.event.EventPublishingTestExecutionListener]
2022-08-07 13:43:30.528  INFO 17965 --- [           main] .b.t.a.w.s.WebMvcTestContextBootstrapper : Using TestExecutionListeners: [org.springframework.test.context.web.ServletTestExecutionListener@61d4155b, org.springframework.test.context.support.DirtiesContextBeforeModesTestExecutionListener@48590849, org.springframework.test.context.event.ApplicationEventsTestExecutionListener@6c38f4de, org.springframework.boot.test.mock.mockito.MockitoTestExecutionListener@489c15e2, org.springframework.boot.test.autoconfigure.SpringBootDependencyInjectionTestExecutionListener@923bf67, org.springframework.test.context.support.DirtiesContextTestExecutionListener@938e54a, org.springframework.test.context.transaction.TransactionalTestExecutionListener@220d7eb7, org.springframework.test.context.jdbc.SqlScriptsTestExecutionListener@a165c11, org.springframework.test.context.event.EventPublishingTestExecutionListener@1eda12b3, org.springframework.boot.test.mock.mockito.ResetMocksTestExecutionListener@5006a697, org.springframework.boot.test.autoconfigure.restdocs.RestDocsTestExecutionListener@193792e6, org.springframework.boot.test.autoconfigure.web.client.MockRestServiceServerResetTestExecutionListener@21f9a305, org.springframework.boot.test.autoconfigure.web.servlet.MockMvcPrintOnlyOnFailureTestExecutionListener@6ff87203, org.springframework.boot.test.autoconfigure.web.servlet.WebDriverTestExecutionListener@aaf4375, org.springframework.boot.test.autoconfigure.webservices.client.MockWebServiceServerTestExecutionListener@2f2a5064]

  .   ____          _            __ _ _
 /\\ / ___'_ __ _ _(_)_ __  __ _ \ \ \ \
( ( )\___ | '_ | '_| | '_ \/ _` | \ \ \ \
 \\/  ___)| |_)| | | | | || (_| |  ) ) ) )
  '  |____| .__|_| |_|_| |_\__, | / / / /
 =========|_|==============|___/=/_/_/_/
 :: Spring Boot ::                (v2.7.2)

2022-08-07 13:43:30.567  INFO 17965 --- [           main] g.s.m.web.controller.BeerControllerTest  : Starting BeerControllerTest using Java 18.0.1 on poplaptop with PID 17965 (started by djwarwick in /media/djwarwick/Warehouse/Workspaces/Intellij IDEA/mssc-beer-service)
2022-08-07 13:43:30.568  INFO 17965 --- [           main] g.s.m.web.controller.BeerControllerTest  : No active profile set, falling back to 1 default profile: "default"
2022-08-07 13:43:30.959  INFO 17965 --- [           main] o.s.b.t.m.w.SpringBootMockServletContext : Initializing Spring TestDispatcherServlet ''
2022-08-07 13:43:30.960  INFO 17965 --- [           main] o.s.t.web.servlet.TestDispatcherServlet  : Initializing Servlet ''
2022-08-07 13:43:30.961  INFO 17965 --- [           main] o.s.t.web.servlet.TestDispatcherServlet  : Completed initialization in 1 ms
2022-08-07 13:43:30.977  INFO 17965 --- [           main] g.s.m.web.controller.BeerControllerTest  : Started BeerControllerTest in 0.445 seconds (JVM running for 7.025)
]]></system-out>
  </testcase>
  <testcase name="saveNewBeer" classname="guru.springframework.msscbeerservice.web.controller.BeerControllerTest" time="0">
    <skipped message="void guru.springframework.msscbeerservice.web.controller.BeerControllerTest.saveNewBeer() throws java.lang.Exception is @Disabled"/>
  </testcase>
  <testcase name="getBeerById" classname="guru.springframework.msscbeerservice.web.controller.BeerControllerTest" time="0">
    <skipped message="void guru.springframework.msscbeerservice.web.controller.BeerControllerTest.getBeerById() throws java.lang.Exception is @Disabled"/>
  </testcase>
</testsuite>